<?xml version="1.0" encoding="UTF-8"?>
<testng-results ignored="0" total="1" passed="1" failed="0" skipped="0">
  <reporter-output>
  </reporter-output>
  <suite started-at="2019-12-24T17:25:24 IST" name="Default suite" finished-at="2019-12-24T17:25:44 IST" duration-ms="19832">
    <groups>
    </groups>
    <test started-at="2019-12-24T17:25:24 IST" name="Default test" finished-at="2019-12-24T17:25:44 IST" duration-ms="19832">
      <class name="com.eccomerce.testscripts.amazonprice.CapturePriceTest">
        <test-method is-config="true" signature="configBeforeSuite()[pri:0, instance:com.eccomerce.testscripts.amazonprice.CapturePriceTest@37858383]" started-at="2019-12-24T17:25:24 IST" name="configBeforeSuite" finished-at="2019-12-24T17:25:24 IST" duration-ms="317" status="PASS">
          <reporter-output>
          </reporter-output>
        </test-method> <!-- configBeforeSuite -->
        <test-method is-config="true" signature="configBeforeTest()[pri:0, instance:com.eccomerce.testscripts.amazonprice.CapturePriceTest@37858383]" started-at="2019-12-24T17:25:24 IST" name="configBeforeTest" finished-at="2019-12-24T17:25:37 IST" duration-ms="12457" status="PASS">
          <reporter-output>
          </reporter-output>
        </test-method> <!-- configBeforeTest -->
        <test-method signature="capturePriceTest()[pri:0, instance:com.eccomerce.testscripts.amazonprice.CapturePriceTest@37858383]" started-at="2019-12-24T17:25:37 IST" name="capturePriceTest" finished-at="2019-12-24T17:25:38 IST" duration-ms="1706" status="PASS">
          <reporter-output>
          </reporter-output>
        </test-method> <!-- capturePriceTest -->
        <test-method is-config="true" signature="configAfterTest()[pri:0, instance:com.eccomerce.testscripts.amazonprice.CapturePriceTest@37858383]" started-at="2019-12-24T17:25:38 IST" name="configAfterTest" finished-at="2019-12-24T17:25:44 IST" duration-ms="5603" status="PASS">
          <reporter-output>
          </reporter-output>
        </test-method> <!-- configAfterTest -->
        <test-method is-config="true" signature="configAfterSuite()[pri:0, instance:com.eccomerce.testscripts.amazonprice.CapturePriceTest@37858383]" started-at="2019-12-24T17:25:45 IST" name="configAfterSuite" finished-at="2019-12-24T17:25:45 IST" duration-ms="53" status="PASS">
          <reporter-output>
          </reporter-output>
        </test-method> <!-- configAfterSuite -->
      </class> <!-- com.eccomerce.testscripts.amazonprice.CapturePriceTest -->
    </test> <!-- Default test -->
  </suite> <!-- Default suite -->
</testng-results>
